<?xml version="1.0" encoding="UTF-8"?>
<!-- Generated by org.testng.reporters.JUnitXMLReporter -->
<testsuite ignored="0" hostname="DESKTOP-DCFT7UU" failures="0" tests="10" name="WhiteBox test Cases" time="29.036" errors="0" timestamp="2022-07-06T08:35:00 EDT">
  <testcase classname="pageTestPackage.HomePageTest" name="TestTitle" time="0.012"/>
  <testcase classname="pageTestPackage.HomePageTest" name="verifyfreestudentTest" time="0.037"/>
  <testcase classname="pageTestPackage.HomePageTest" name="verifywbllogoTest" time="0.031"/>
  <testcase classname="pageTestPackage.HomePageTest" name="verifyloginTest" time="0.382"/>
  <testcase classname="pageTestPackage.LandingPageTest" name="verifyLandingTitle" time="0.005"/>
  <testcase classname="pageTestPackage.LandingPageTest" name="verifyHomeBtn" time="0.029"/>
  <testcase classname="pageTestPackage.LandingPageTest" name="verifySchBtn" time="0.021"/>
  <testcase classname="pageTestPackage.LoginPageTest" name="verifyregister" time="0.028"/>
  <testcase classname="pageTestPackage.LoginPageTest" name="verifyLoginTitle" time="0.003"/>
  <testcase classname="pageTestPackage.LoginPageTest" name="loginTest" time="0.197"/>
</testsuite> <!-- WhiteBox test Cases -->
