<?xml version="1.0" encoding="UTF-8"?>
<!-- Generated by org.testng.reporters.JUnitXMLReporter -->
<testsuite ignored="0" hostname="DESKTOP-DCFT7UU" failures="0" tests="4" name="Default test" time="17.722" errors="0" timestamp="2022-10-11T14:53:40 EDT">
  <testcase classname="pageTestPackage.HomePageTest" name="TestTitle" time="0.021"/>
  <testcase classname="pageTestPackage.HomePageTest" name="verifyfreestudentTest" time="0.059"/>
  <testcase classname="pageTestPackage.HomePageTest" name="verifywbllogoTest" time="0.049"/>
  <testcase classname="pageTestPackage.HomePageTest" name="verifyloginTest" time="0.42"/>
</testsuite> <!-- Default test -->
