<?xml version="1.0" encoding="UTF-8"?>
<!-- Generated by org.testng.reporters.JUnitXMLReporter -->
<testsuite ignored="0" hostname="DESKTOP-DCFT7UU" failures="0" tests="10" name="Test" time="76.251" errors="0" timestamp="2023-01-21T19:25:32 EST">
  <testcase classname="pageTestPackage.LoginPageTest" name="verifyregister" time="0.292"/>
  <testcase classname="pageTestPackage.HomePageTest" name="TestTitle" time="0.038"/>
  <testcase classname="pageTestPackage.LandingPageTest" name="verifyLandingTitle" time="0.013"/>
  <testcase classname="pageTestPackage.LoginPageTest" name="verifyLoginTitle" time="0.013"/>
  <testcase classname="pageTestPackage.LoginPageTest" name="loginTest" time="0.289"/>
  <testcase classname="pageTestPackage.LandingPageTest" name="verifyHomeBtn" time="0.04"/>
  <testcase classname="pageTestPackage.HomePageTest" name="verifyfreestudentTest" time="0.045"/>
  <testcase classname="pageTestPackage.LandingPageTest" name="verifySchBtn" time="0.039"/>
  <testcase classname="pageTestPackage.HomePageTest" name="verifywbllogoTest" time="0.038"/>
  <testcase classname="pageTestPackage.HomePageTest" name="verifyloginTest" time="0.377"/>
</testsuite> <!-- Test -->
