<?xml version="1.0" encoding="UTF-8"?>
<testng-results ignored="0" total="10" passed="10" failed="0" skipped="0">
  <reporter-output>
  </reporter-output>
  <suite started-at="2023-01-21T19:24:16 EST" name="Suite" finished-at="2023-01-21T19:25:32 EST" duration-ms="76251">
    <groups>
    </groups>
    <test started-at="2023-01-21T19:24:16 EST" name="Test" finished-at="2023-01-21T19:25:32 EST" duration-ms="76251">
      <class name="pageTestPackage.LandingPageTest">
        <test-method is-config="true" signature="setup()[pri:0, instance:pageTestPackage.LandingPageTest@268f106e]" started-at="2023-01-21T19:24:56 EST" name="setup" finished-at="2023-01-21T19:25:03 EST" duration-ms="7365" status="PASS">
          <reporter-output>
          </reporter-output>
        </test-method> <!-- setup -->
        <test-method signature="verifyLandingTitle()[pri:1, instance:pageTestPackage.LandingPageTest@268f106e]" started-at="2023-01-21T19:25:03 EST" name="verifyLandingTitle" finished-at="2023-01-21T19:25:03 EST" duration-ms="13" status="PASS">
          <reporter-output>
          </reporter-output>
        </test-method> <!-- verifyLandingTitle -->
        <test-method is-config="true" signature="TearDown()[pri:0, instance:pageTestPackage.LandingPageTest@268f106e]" started-at="2023-01-21T19:25:03 EST" name="TearDown" finished-at="2023-01-21T19:25:04 EST" duration-ms="287" status="PASS">
          <reporter-output>
          </reporter-output>
        </test-method> <!-- TearDown -->
        <test-method is-config="true" signature="setup()[pri:0, instance:pageTestPackage.LandingPageTest@268f106e]" started-at="2023-01-21T19:25:15 EST" name="setup" finished-at="2023-01-21T19:25:17 EST" duration-ms="2408" status="PASS">
          <reporter-output>
          </reporter-output>
        </test-method> <!-- setup -->
        <test-method signature="verifyHomeBtn()[pri:2, instance:pageTestPackage.LandingPageTest@268f106e]" started-at="2023-01-21T19:25:17 EST" name="verifyHomeBtn" finished-at="2023-01-21T19:25:17 EST" duration-ms="40" status="PASS">
          <reporter-output>
          </reporter-output>
        </test-method> <!-- verifyHomeBtn -->
        <test-method is-config="true" signature="TearDown()[pri:0, instance:pageTestPackage.LandingPageTest@268f106e]" started-at="2023-01-21T19:25:17 EST" name="TearDown" finished-at="2023-01-21T19:25:18 EST" duration-ms="193" status="PASS">
          <reporter-output>
          </reporter-output>
        </test-method> <!-- TearDown -->
        <test-method is-config="true" signature="setup()[pri:0, instance:pageTestPackage.LandingPageTest@268f106e]" started-at="2023-01-21T19:25:21 EST" name="setup" finished-at="2023-01-21T19:25:25 EST" duration-ms="3815" status="PASS">
          <reporter-output>
          </reporter-output>
        </test-method> <!-- setup -->
        <test-method signature="verifySchBtn()[pri:3, instance:pageTestPackage.LandingPageTest@268f106e]" started-at="2023-01-21T19:25:25 EST" name="verifySchBtn" finished-at="2023-01-21T19:25:25 EST" duration-ms="39" status="PASS">
          <reporter-output>
          </reporter-output>
        </test-method> <!-- verifySchBtn -->
        <test-method is-config="true" signature="TearDown()[pri:0, instance:pageTestPackage.LandingPageTest@268f106e]" started-at="2023-01-21T19:25:25 EST" name="TearDown" finished-at="2023-01-21T19:25:25 EST" duration-ms="209" status="PASS">
          <reporter-output>
          </reporter-output>
        </test-method> <!-- TearDown -->
      </class> <!-- pageTestPackage.LandingPageTest -->
      <class name="pageTestPackage.HomePageTest">
        <test-method is-config="true" signature="Setup()[pri:0, instance:pageTestPackage.HomePageTest@2034b64c]" started-at="2023-01-21T19:24:49 EST" name="Setup" finished-at="2023-01-21T19:24:56 EST" duration-ms="6835" status="PASS">
          <reporter-output>
          </reporter-output>
        </test-method> <!-- Setup -->
        <test-method signature="TestTitle()[pri:1, instance:pageTestPackage.HomePageTest@2034b64c]" started-at="2023-01-21T19:24:56 EST" name="TestTitle" finished-at="2023-01-21T19:24:56 EST" duration-ms="38" status="PASS">
          <reporter-output>
          </reporter-output>
        </test-method> <!-- TestTitle -->
        <test-method is-config="true" signature="teardown()[pri:0, instance:pageTestPackage.HomePageTest@2034b64c]" started-at="2023-01-21T19:24:56 EST" name="teardown" finished-at="2023-01-21T19:24:56 EST" duration-ms="230" status="PASS">
          <reporter-output>
          </reporter-output>
        </test-method> <!-- teardown -->
        <test-method is-config="true" signature="Setup()[pri:0, instance:pageTestPackage.HomePageTest@2034b64c]" started-at="2023-01-21T19:25:18 EST" name="Setup" finished-at="2023-01-21T19:25:21 EST" duration-ms="3216" status="PASS">
          <reporter-output>
          </reporter-output>
        </test-method> <!-- Setup -->
        <test-method signature="verifyfreestudentTest()[pri:2, instance:pageTestPackage.HomePageTest@2034b64c]" started-at="2023-01-21T19:25:21 EST" name="verifyfreestudentTest" finished-at="2023-01-21T19:25:21 EST" duration-ms="45" status="PASS">
          <reporter-output>
          </reporter-output>
        </test-method> <!-- verifyfreestudentTest -->
        <test-method is-config="true" signature="teardown()[pri:0, instance:pageTestPackage.HomePageTest@2034b64c]" started-at="2023-01-21T19:25:21 EST" name="teardown" finished-at="2023-01-21T19:25:21 EST" duration-ms="156" status="PASS">
          <reporter-output>
          </reporter-output>
        </test-method> <!-- teardown -->
        <test-method is-config="true" signature="Setup()[pri:0, instance:pageTestPackage.HomePageTest@2034b64c]" started-at="2023-01-21T19:25:25 EST" name="Setup" finished-at="2023-01-21T19:25:28 EST" duration-ms="3232" status="PASS">
          <reporter-output>
          </reporter-output>
        </test-method> <!-- Setup -->
        <test-method signature="verifywbllogoTest()[pri:3, instance:pageTestPackage.HomePageTest@2034b64c]" started-at="2023-01-21T19:25:28 EST" name="verifywbllogoTest" finished-at="2023-01-21T19:25:28 EST" duration-ms="38" status="PASS">
          <reporter-output>
          </reporter-output>
        </test-method> <!-- verifywbllogoTest -->
        <test-method is-config="true" signature="teardown()[pri:0, instance:pageTestPackage.HomePageTest@2034b64c]" started-at="2023-01-21T19:25:28 EST" name="teardown" finished-at="2023-01-21T19:25:28 EST" duration-ms="127" status="PASS">
          <reporter-output>
          </reporter-output>
        </test-method> <!-- teardown -->
        <test-method is-config="true" signature="Setup()[pri:0, instance:pageTestPackage.HomePageTest@2034b64c]" started-at="2023-01-21T19:25:28 EST" name="Setup" finished-at="2023-01-21T19:25:31 EST" duration-ms="2950" status="PASS">
          <reporter-output>
          </reporter-output>
        </test-method> <!-- Setup -->
        <test-method signature="verifyloginTest()[pri:4, instance:pageTestPackage.HomePageTest@2034b64c]" started-at="2023-01-21T19:25:31 EST" name="verifyloginTest" finished-at="2023-01-21T19:25:32 EST" duration-ms="377" status="PASS">
          <reporter-output>
          </reporter-output>
        </test-method> <!-- verifyloginTest -->
        <test-method is-config="true" signature="teardown()[pri:0, instance:pageTestPackage.HomePageTest@2034b64c]" started-at="2023-01-21T19:25:32 EST" name="teardown" finished-at="2023-01-21T19:25:32 EST" duration-ms="131" status="PASS">
          <reporter-output>
          </reporter-output>
        </test-method> <!-- teardown -->
      </class> <!-- pageTestPackage.HomePageTest -->
      <class name="pageTestPackage.LoginPageTest">
        <test-method is-config="true" signature="setup()[pri:0, instance:pageTestPackage.LoginPageTest@6c284af]" started-at="2023-01-21T19:24:16 EST" name="setup" finished-at="2023-01-21T19:24:47 EST" duration-ms="31360" status="PASS">
          <reporter-output>
          </reporter-output>
        </test-method> <!-- setup -->
        <test-method signature="verifyregister()[pri:0, instance:pageTestPackage.LoginPageTest@6c284af]" started-at="2023-01-21T19:24:47 EST" name="verifyregister" finished-at="2023-01-21T19:24:47 EST" duration-ms="292" status="PASS">
          <reporter-output>
          </reporter-output>
        </test-method> <!-- verifyregister -->
        <test-method is-config="true" signature="TearDown()[pri:0, instance:pageTestPackage.LoginPageTest@6c284af]" started-at="2023-01-21T19:24:47 EST" name="TearDown" finished-at="2023-01-21T19:24:49 EST" duration-ms="1312" status="PASS">
          <reporter-output>
          </reporter-output>
        </test-method> <!-- TearDown -->
        <test-method is-config="true" signature="setup()[pri:0, instance:pageTestPackage.LoginPageTest@6c284af]" started-at="2023-01-21T19:25:04 EST" name="setup" finished-at="2023-01-21T19:25:10 EST" duration-ms="6591" status="PASS">
          <reporter-output>
          </reporter-output>
        </test-method> <!-- setup -->
        <test-method signature="verifyLoginTitle()[pri:1, instance:pageTestPackage.LoginPageTest@6c284af]" started-at="2023-01-21T19:25:10 EST" name="verifyLoginTitle" finished-at="2023-01-21T19:25:10 EST" duration-ms="13" status="PASS">
          <reporter-output>
          </reporter-output>
        </test-method> <!-- verifyLoginTitle -->
        <test-method is-config="true" signature="TearDown()[pri:0, instance:pageTestPackage.LoginPageTest@6c284af]" started-at="2023-01-21T19:25:10 EST" name="TearDown" finished-at="2023-01-21T19:25:11 EST" duration-ms="321" status="PASS">
          <reporter-output>
          </reporter-output>
        </test-method> <!-- TearDown -->
        <test-method is-config="true" signature="setup()[pri:0, instance:pageTestPackage.LoginPageTest@6c284af]" started-at="2023-01-21T19:25:11 EST" name="setup" finished-at="2023-01-21T19:25:14 EST" duration-ms="3926" status="PASS">
          <reporter-output>
          </reporter-output>
        </test-method> <!-- setup -->
        <test-method signature="loginTest()[pri:2, instance:pageTestPackage.LoginPageTest@6c284af]" started-at="2023-01-21T19:25:14 EST" name="loginTest" finished-at="2023-01-21T19:25:15 EST" duration-ms="289" status="PASS">
          <reporter-output>
          </reporter-output>
        </test-method> <!-- loginTest -->
        <test-method is-config="true" signature="TearDown()[pri:0, instance:pageTestPackage.LoginPageTest@6c284af]" started-at="2023-01-21T19:25:15 EST" name="TearDown" finished-at="2023-01-21T19:25:15 EST" duration-ms="213" status="PASS">
          <reporter-output>
          </reporter-output>
        </test-method> <!-- TearDown -->
      </class> <!-- pageTestPackage.LoginPageTest -->
    </test> <!-- Test -->
  </suite> <!-- Suite -->
</testng-results>
